<?xml version="1.0" encoding="UTF-8"?>
<!-- Generated by org.testng.reporters.JUnitXMLReporter -->
<testsuite hostname="testcenter" name="fe3123d2" tests="1" failures="1" timestamp="14 Aug 2017 02:59:36 GMT" time="35.529" errors="0">
  <testcase name="test" time="0.009" classname="com.cpeoc.appiunTestDemo.test.yy.TestBaseDriver">
    <failure type="java.lang.AssertionError" message="null">
      <![CDATA[java.lang.AssertionError: null
	at com.cpeoc.appiunTestDemo.test.yy.TestBaseDriver.test(TestBaseDriver.java:18)
... Removed 26 stack frames]]>
    </failure>
  </testcase> <!-- test -->
</testsuite> <!-- fe3123d2 -->
