<?xml version="1.0" encoding="UTF-8"?>
<!-- Generated by org.testng.reporters.JUnitXMLReporter -->
<testsuite hostname="k" name="28a38e6f" tests="6" failures="1" timestamp="25 Oct 2017 02:05:24 GMT" time="0.018" errors="0">
  <testcase name="test004" time="0.004" classname="com.cpeoc.appiunTestDemo.test.yy.CopyOfMyFirstTest"/>
  <testcase name="test005" time="0.0" classname="com.cpeoc.appiunTestDemo.test.yy.CopyOfMyFirstTest"/>
  <testcase name="test006" time="0.002" classname="com.cpeoc.appiunTestDemo.test.yy.CopyOfMyFirstTest">
    <failure type="java.lang.AssertionError" message="expected [true] but found [false]">
      <![CDATA[java.lang.AssertionError: expected [true] but found [false]
	at com.cpeoc.appiunTestDemo.test.yy.CopyOfMyFirstTest.test006(CopyOfMyFirstTest.java:24)
	at java.util.concurrent.FutureTask.run(FutureTask.java:266)
	at java.util.concurrent.ThreadPoolExecutor.runWorker(ThreadPoolExecutor.java:1142)
	at java.util.concurrent.ThreadPoolExecutor$Worker.run(ThreadPoolExecutor.java:617)
	at java.lang.Thread.run(Thread.java:748)
... Removed 20 stack frames]]>
    </failure>
  </testcase> <!-- test006 -->
  <testcase name="test001" time="0.0" classname="com.cpeoc.appiunTestDemo.test.yy.MyFirstTest"/>
  <testcase name="test002" time="0.001" classname="com.cpeoc.appiunTestDemo.test.yy.MyFirstTest"/>
  <testcase name="test003" time="0.001" classname="com.cpeoc.appiunTestDemo.test.yy.MyFirstTest"/>
</testsuite> <!-- 28a38e6f -->
