<?xml version="1.0" encoding="UTF-8"?>
<!-- Generated by org.testng.reporters.JUnitXMLReporter -->
<testsuite hostname="k" ignored="0" name="preTest" tests="1" failures="1" timestamp="01 十一月 2017 01:06:52 GMT" time="0.037" errors="0">
  <testcase name="creatXML" time="0.006" classname="com.cpeoc.appiunTestDemo.utils.CreatTestNGXML">
    <failure type="java.lang.NoClassDefFoundError" message="com/cpeoc/appiunTestDemo/utils/DeviceUtil">
      <![CDATA[java.lang.NoClassDefFoundError: com/cpeoc/appiunTestDemo/utils/DeviceUtil
	at com.cpeoc.appiunTestDemo.utils.CreatTestNGXML.creatXML(CreatTestNGXML.java:25)
Caused by: java.lang.ClassNotFoundException: com.cpeoc.appiunTestDemo.utils.DeviceUtil
	at java.net.URLClassLoader.findClass(URLClassLoader.java:381)
	at java.lang.ClassLoader.loadClass(ClassLoader.java:424)
	at sun.misc.Launcher$AppClassLoader.loadClass(Launcher.java:335)
	at java.lang.ClassLoader.loadClass(ClassLoader.java:357)
	... 25 more
... Removed 24 stack frames]]>
    </failure>
  </testcase> <!-- creatXML -->
</testsuite> <!-- preTest -->
