<?xml version="1.0" encoding="UTF-8"?>
<testng-results skipped="0" failed="0" total="1" passed="1">
  <reporter-output>
  </reporter-output>
  <suite name="Default suite" duration-ms="1315" started-at="2017-11-01T07:47:57Z" finished-at="2017-11-01T07:47:58Z">
    <groups>
    </groups>
    <test name="Default test" duration-ms="1315" started-at="2017-11-01T07:47:57Z" finished-at="2017-11-01T07:47:58Z">
      <class name="com.cpeoc.appiunTestDemo.utils.CreatXML">
        <test-method status="PASS" signature="creatRuntimeXML()[pri:0, instance:com.cpeoc.appiunTestDemo.utils.CreatXML@2bea5ab4]" name="creatRuntimeXML" duration-ms="1119" started-at="2017-11-01T15:47:57Z" finished-at="2017-11-01T15:47:58Z">
          <reporter-output>
          </reporter-output>
        </test-method> <!-- creatRuntimeXML -->
      </class> <!-- com.cpeoc.appiunTestDemo.utils.CreatXML -->
    </test> <!-- Default test -->
  </suite> <!-- Default suite -->
</testng-results>
