<?xml version="1.0" encoding="UTF-8"?>
<testng-results skipped="0" failed="0" total="1" passed="1">
  <reporter-output>
  </reporter-output>
  <suite name="appiumTestDemo2" duration-ms="17643" started-at="2017-10-27T08:36:13Z" finished-at="2017-10-27T08:36:31Z">
    <groups>
    </groups>
    <test name="127.0.0.1:62001" duration-ms="17643" started-at="2017-10-27T08:36:13Z" finished-at="2017-10-27T08:36:31Z">
      <class name="com.cpeoc.appiunTestDemo.test.TestCase2">
        <test-method status="PASS" signature="startAppiumServer()[pri:0, instance:com.cpeoc.appiunTestDemo.test.TestCase2@38082d64]" name="startAppiumServer" is-config="true" duration-ms="8398" started-at="2017-10-27T16:36:05Z" finished-at="2017-10-27T16:36:13Z">
          <reporter-output>
          </reporter-output>
        </test-method> <!-- startAppiumServer -->
        <test-method status="PASS" signature="setUp(java.lang.String, java.lang.String, java.lang.String)[pri:0, instance:com.cpeoc.appiunTestDemo.test.TestCase2@38082d64]" name="setUp" is-config="true" duration-ms="12203" started-at="2017-10-27T16:36:13Z" finished-at="2017-10-27T16:36:25Z">
          <params>
            <param index="0">
              <value>
                <![CDATA[127.0.0.1:62001]]>
              </value>
            </param>
            <param index="1">
              <value>
                <![CDATA[4.4]]>
              </value>
            </param>
            <param index="2">
              <value>
                <![CDATA[9000]]>
              </value>
            </param>
          </params>
          <reporter-output>
          </reporter-output>
        </test-method> <!-- setUp -->
        <test-method status="PASS" signature="swipeIntoHome()[pri:0, instance:com.cpeoc.appiunTestDemo.test.TestCase2@38082d64]" name="swipeIntoHome" duration-ms="3146" started-at="2017-10-27T16:36:25Z" finished-at="2017-10-27T16:36:28Z">
          <reporter-output>
          </reporter-output>
        </test-method> <!-- swipeIntoHome -->
        <test-method status="PASS" signature="tearDown()[pri:0, instance:com.cpeoc.appiunTestDemo.test.TestCase2@38082d64]" name="tearDown" is-config="true" duration-ms="2287" started-at="2017-10-27T16:36:28Z" finished-at="2017-10-27T16:36:31Z">
          <reporter-output>
          </reporter-output>
        </test-method> <!-- tearDown -->
        <test-method status="PASS" signature="stopAppiumServer()[pri:0, instance:com.cpeoc.appiunTestDemo.test.TestCase2@38082d64]" name="stopAppiumServer" is-config="true" duration-ms="306" started-at="2017-10-27T16:36:31Z" finished-at="2017-10-27T16:36:31Z">
          <reporter-output>
          </reporter-output>
        </test-method> <!-- stopAppiumServer -->
      </class> <!-- com.cpeoc.appiunTestDemo.test.TestCase2 -->
    </test> <!-- 127.0.0.1:62001 -->
  </suite> <!-- appiumTestDemo2 -->
</testng-results>
